<?xml version="1.0" encoding="UTF-8"?>
<!-- Generated by org.testng.reporters.JUnitReportReporter -->
<testsuite hostname="DESKTOP-8343GOC" failures="0" tests="1" name="com.w2a.testcase.OpenAccountTest" time="0.000" errors="0" timestamp="02 Aug 2019 09:33:47 GMT" skipped="1">
  <testcase classname="com.w2a.testcase.OpenAccountTest" name="openAccountTest" time="0.000">
    <skipped/>
  </testcase> <!-- openAccountTest -->
</testsuite> <!-- com.w2a.testcase.OpenAccountTest -->
