<?xml version="1.0" encoding="UTF-8"?>
<!-- Generated by org.testng.reporters.JUnitReportReporter -->
<testsuite hostname="DESKTOP-8343GOC" failures="0" tests="4" name="com.w2a.testcase.AddCustomerTest" time="19.944" errors="0" timestamp="02 Aug 2019 09:33:47 GMT" skipped="0">
  <testcase classname="com.w2a.testcase.AddCustomerTest" name="addCustomerTest" time="4.941"/>
  <testcase classname="com.w2a.testcase.AddCustomerTest" name="addCustomerTest" time="4.919"/>
  <testcase classname="com.w2a.testcase.AddCustomerTest" name="addCustomerTest" time="5.257"/>
  <testcase classname="com.w2a.testcase.AddCustomerTest" name="addCustomerTest" time="4.827"/>
</testsuite> <!-- com.w2a.testcase.AddCustomerTest -->
