<?xml version="1.0" encoding="UTF-8"?>
<!-- Generated by org.testng.reporters.JUnitReportReporter -->
<testsuite hostname="DESKTOP-8343GOC" failures="0" tests="1" name="com.w2a.testcase.LoginTest" time="0.293" errors="0" timestamp="29 Jul 2019 09:04:32 GMT" skipped="0">
  <testcase classname="com.w2a.testcase.LoginTest" name="loginAsBankManager" time="0.293"/>
</testsuite> <!-- com.w2a.testcase.LoginTest -->
