<?xml version="1.0" encoding="UTF-8"?>
<!-- Generated by org.testng.reporters.JUnitReportReporter -->
<testsuite hostname="DESKTOP-8343GOC" failures="0" tests="4" name="com.w2a.testcase.AddCustomerTest" time="20.010" errors="0" timestamp="01 Aug 2019 09:49:29 GMT" skipped="0">
  <testcase classname="com.w2a.testcase.AddCustomerTest" name="addCustomerTest" time="4.772"/>
  <testcase classname="com.w2a.testcase.AddCustomerTest" name="addCustomerTest" time="5.001"/>
  <testcase classname="com.w2a.testcase.AddCustomerTest" name="addCustomerTest" time="5.408"/>
  <testcase classname="com.w2a.testcase.AddCustomerTest" name="addCustomerTest" time="4.829"/>
</testsuite> <!-- com.w2a.testcase.AddCustomerTest -->
