<?xml version="1.0" encoding="UTF-8"?>
<!-- Generated by org.testng.reporters.JUnitReportReporter -->
<testsuite hostname="DESKTOP-8343GOC" failures="0" tests="4" name="com.w2a.testcase.AddCustomerTest" time="20.331" errors="0" timestamp="01 Aug 2019 09:07:25 GMT" skipped="0">
  <testcase classname="com.w2a.testcase.AddCustomerTest" name="addCustomerTest" time="5.050"/>
  <testcase classname="com.w2a.testcase.AddCustomerTest" name="addCustomerTest" time="4.842"/>
  <testcase classname="com.w2a.testcase.AddCustomerTest" name="addCustomerTest" time="5.505"/>
  <testcase classname="com.w2a.testcase.AddCustomerTest" name="addCustomerTest" time="4.934"/>
</testsuite> <!-- com.w2a.testcase.AddCustomerTest -->
