<?xml version="1.0" encoding="UTF-8"?>
<!-- Generated by org.testng.reporters.JUnitReportReporter -->
<testsuite hostname="DESKTOP-8343GOC" failures="0" tests="1" name="com.w2a.testcase.BankManagerLoginTest" time="4.033" errors="0" timestamp="02 Aug 2019 09:33:47 GMT" skipped="0">
  <testcase classname="com.w2a.testcase.BankManagerLoginTest" name="bankManagerLoginTest" time="4.033"/>
</testsuite> <!-- com.w2a.testcase.BankManagerLoginTest -->
